<?xml version="1.0" encoding="UTF-8"?>
<!-- Generated by org.testng.reporters.JUnitXMLReporter -->
<testsuite ignored="2" hostname="DESKTOP-V428J60" failures="0" tests="4" name="Test" time="0.072" errors="0" timestamp="2026-08-27T14:05:02 IST">
  <testcase classname="com.cre.generic.baseutilitylity.BaseclassImplntnInCreateOrgTest" name="CreateOrgTest" time="0.006"/>
  <testcase classname="com.cre.generic.baseutilitylity.BaseclassImplntnInCreateOrgTest" name="CreateOrgWithIndustries" time="0.002"/>
  <testcase classname="com.cre.generic.baseutilitylity.baseClassImplementnCreatecontactTest" name="CreateOcontactWithIndustries" time="0.001"/>
  <testcase classname="com.cre.generic.baseutilitylity.baseClassImplementnCreatecontactTest" name="CreatecontactTest" time="0.003"/>
  <testcase classname="com.cre.generic.baseutilitylity.BaseClass" name="@BeforeSuite BS" time="0.0">
    <ignored/>
  </testcase> <!-- @BeforeSuite BS -->
  <testcase classname="com.cre.generic.baseutilitylity.BaseClass" name="@AfterSuite AS" time="0.0">
    <ignored/>
  </testcase> <!-- @AfterSuite AS -->
</testsuite> <!-- Test -->
