<?xml version="1.0" encoding="UTF-8"?>
<testng-results ignored="0" total="2" passed="2" failed="0" skipped="0">
  <reporter-output>
  </reporter-output>
  <suite started-at="2026-09-09T18:31:58 IST" name="Default suite" finished-at="2026-09-09T18:32:00 IST" duration-ms="2227">
    <groups>
    </groups>
    <test started-at="2026-09-09T18:31:58 IST" name="Default test" finished-at="2026-09-09T18:32:00 IST" duration-ms="2227">
      <class name="practicetestng.SampleReportTest">
        <test-method is-config="true" signature="configBS()[pri:0, instance:practicetestng.SampleReportTest@7eac9008]" started-at="2026-09-09T18:31:57 IST" name="configBS" finished-at="2026-09-09T18:31:58 IST" duration-ms="206" status="PASS">
          <reporter-output>
          </reporter-output>
        </test-method> <!-- configBS -->
        <test-method signature="createContactTest()[pri:0, instance:practicetestng.SampleReportTest@7eac9008]" started-at="2026-09-09T18:31:58 IST" name="createContactTest" finished-at="2026-09-09T18:32:00 IST" duration-ms="2192" status="PASS">
          <reporter-output>
          </reporter-output>
        </test-method> <!-- createContactTest -->
        <test-method signature="createContactWithOrg()[pri:0, instance:practicetestng.SampleReportTest@7eac9008]" started-at="2026-09-09T18:32:00 IST" name="createContactWithOrg" finished-at="2026-09-09T18:32:00 IST" duration-ms="3" status="PASS">
          <reporter-output>
          </reporter-output>
        </test-method> <!-- createContactWithOrg -->
        <test-method is-config="true" signature="configAS()[pri:0, instance:practicetestng.SampleReportTest@7eac9008]" started-at="2026-09-09T18:32:00 IST" name="configAS" finished-at="2026-09-09T18:32:00 IST" duration-ms="525" status="PASS">
          <reporter-output>
          </reporter-output>
        </test-method> <!-- configAS -->
      </class> <!-- practicetestng.SampleReportTest -->
    </test> <!-- Default test -->
  </suite> <!-- Default suite -->
</testng-results>
