<?xml version="1.0" encoding="UTF-8"?>
<!-- Generated by org.testng.reporters.JUnitReportReporter -->
<testsuite hostname="DESKTOP-V428J60" failures="0" tests="3" name="practicetestng.priority" time="0.011" errors="0" timestamp="2026-09-03T16:37:21 IST" skipped="0">
  <testcase classname="practicetestng.priority" name="modifyContactTest" time="0.001"/>
  <testcase classname="practicetestng.priority" name="DeleteteContactTest" time="0.009"/>
  <testcase classname="practicetestng.priority" name="CreateContactTest" time="0.001"/>
</testsuite> <!-- practicetestng.priority -->
