<?xml version="1.0" encoding="UTF-8"?>
<!-- Generated by org.testng.reporters.JUnitReportReporter -->
<testsuite hostname="DESKTOP-V428J60" failures="0" tests="2" name="practicetestng.SampleReportTest" time="2.195" errors="0" timestamp="2026-09-09T18:32:00 IST" skipped="0">
  <testcase classname="practicetestng.SampleReportTest" name="createContactWithOrg" time="0.003"/>
  <testcase classname="practicetestng.SampleReportTest" name="createContactTest" time="2.192"/>
</testsuite> <!-- practicetestng.SampleReportTest -->
