<?xml version="1.0" encoding="UTF-8"?>
<!-- Generated by org.testng.reporters.JUnitReportReporter -->
<testsuite hostname="DESKTOP-V428J60" failures="0" tests="3" name="practicetestng.DataProviderr" time="0.016" errors="0" timestamp="2026-09-03T17:57:53 IST" skipped="0">
  <testcase classname="practicetestng.DataProviderr" name="test1" time="0.014"/>
  <testcase classname="practicetestng.DataProviderr" name="test1" time="0.001"/>
  <testcase classname="practicetestng.DataProviderr" name="test1" time="0.001"/>
</testsuite> <!-- practicetestng.DataProviderr -->
