<?xml version="1.0" encoding="UTF-8"?>
<!-- Generated by org.testng.reporters.JUnitReportReporter -->
<testsuite hostname="DESKTOP-V428J60" failures="0" tests="2" name="com.cre.generic.baseutilitylity.baseClassImplementnCreatecontactTest" time="0.006" errors="0" timestamp="2026-08-27T14:05:02 IST" skipped="0">
  <testcase classname="com.cre.generic.baseutilitylity.baseClassImplementnCreatecontactTest" name="CreatecontactTest" time="0.004"/>
  <testcase classname="com.cre.generic.baseutilitylity.baseClassImplementnCreatecontactTest" name="CreateOcontactWithIndustries" time="0.002"/>
</testsuite> <!-- com.cre.generic.baseutilitylity.baseClassImplementnCreatecontactTest -->
