<?xml version="1.0" encoding="UTF-8"?>
<!-- Generated by org.testng.reporters.JUnitReportReporter -->
<testsuite hostname="DESKTOP-V428J60" failures="0" tests="2" name="practicetestng.TestcaseWithBaseClassImplement" time="0.010" errors="0" timestamp="2026-09-04T12:25:36 IST" skipped="0">
  <testcase classname="practicetestng.TestcaseWithBaseClassImplement" name="test2" time="0.003"/>
  <testcase classname="practicetestng.TestcaseWithBaseClassImplement" name="test1" time="0.007"/>
</testsuite> <!-- practicetestng.TestcaseWithBaseClassImplement -->
