<?xml version="1.0" encoding="UTF-8"?>
<!-- Generated by org.testng.reporters.JUnitReportReporter -->
<testsuite hostname="DESKTOP-V428J60" failures="0" tests="8" name="practicetestng.invocationCount" time="0.020" errors="0" timestamp="2026-09-03T16:58:32 IST" skipped="0">
  <testcase classname="practicetestng.invocationCount" name="test2" time="0.001"/>
  <testcase classname="practicetestng.invocationCount" name="test1" time="0.009"/>
  <testcase classname="practicetestng.invocationCount" name="test1" time="0.001"/>
  <testcase classname="practicetestng.invocationCount" name="test1" time="0.001"/>
  <testcase classname="practicetestng.invocationCount" name="test1" time="0.003"/>
  <testcase classname="practicetestng.invocationCount" name="test1" time="0.001"/>
  <testcase classname="practicetestng.invocationCount" name="test1" time="0.002"/>
  <testcase classname="practicetestng.invocationCount" name="test1" time="0.002"/>
</testsuite> <!-- practicetestng.invocationCount -->
