<?xml version="1.0" encoding="UTF-8"?>
<!-- Generated by org.testng.reporters.JUnitReportReporter -->
<testsuite hostname="DESKTOP-V428J60" failures="0" tests="2" name="practicetestng.BeforeClassAndAfterClass" time="0.012" errors="0" timestamp="2026-09-03T16:15:31 IST" skipped="0">
  <testcase classname="practicetestng.BeforeClassAndAfterClass" name="test2" time="0.003"/>
  <testcase classname="practicetestng.BeforeClassAndAfterClass" name="test1" time="0.009"/>
</testsuite> <!-- practicetestng.BeforeClassAndAfterClass -->
