<?xml version="1.0" encoding="UTF-8"?>
<!-- Generated by org.testng.reporters.JUnitReportReporter -->
<testsuite hostname="DESKTOP-V428J60" failures="0" tests="2" name="com.cre.generic.baseutilitylity.BaseclassImplntnInCreateOrgTest" time="0.011" errors="0" timestamp="2026-08-27T14:05:02 IST" skipped="0">
  <testcase classname="com.cre.generic.baseutilitylity.BaseclassImplntnInCreateOrgTest" name="CreateOrgTest" time="0.007"/>
  <testcase classname="com.cre.generic.baseutilitylity.BaseclassImplntnInCreateOrgTest" name="CreateOrgWithIndustries" time="0.004"/>
</testsuite> <!-- com.cre.generic.baseutilitylity.BaseclassImplntnInCreateOrgTest -->
