<?xml version="1.0" encoding="UTF-8"?>
<!-- Generated by org.testng.reporters.JUnitReportReporter -->
<testsuite hostname="DESKTOP-V428J60" failures="0" tests="2" name="practicetestng.BeforeMethodAndAfterMethod" time="0.016" errors="0" timestamp="2026-08-27T12:16:58 IST" skipped="0">
  <testcase classname="practicetestng.BeforeMethodAndAfterMethod" name="test1" time="0.007"/>
  <testcase classname="practicetestng.BeforeMethodAndAfterMethod" name="test2" time="0.009"/>
</testsuite> <!-- practicetestng.BeforeMethodAndAfterMethod -->
