<?xml version="1.0" encoding="UTF-8"?>
<!-- Generated by org.testng.reporters.JUnitReportReporter -->
<testsuite hostname="DESKTOP-V428J60" failures="0" tests="2" name="practicetestng.BeforSuiteAndAfterSuite" time="0.010" errors="0" timestamp="2026-08-27T12:29:49 IST" skipped="0">
  <testcase classname="practicetestng.BeforSuiteAndAfterSuite" name="test1" time="0.006"/>
  <testcase classname="practicetestng.BeforSuiteAndAfterSuite" name="test2" time="0.004"/>
</testsuite> <!-- practicetestng.BeforSuiteAndAfterSuite -->
